INFO - 2022-04-26 23:39:09,642 - train_vae - Device variable: cuda
2022-04-26 23:39:09,642: INFO     Device variable: cuda
INFO - 2022-04-26 23:39:09,642 - train_vae - Current CUDA device: 0
2022-04-26 23:39:09,642: INFO     Current CUDA device: 0
INFO - 2022-04-26 23:39:12,005 - train_vae - Selected all classes. Loaded 47169 samples.
2022-04-26 23:39:12,005: INFO     Selected all classes. Loaded 47169 samples.
INFO - 2022-04-26 23:39:19,508 - train_vae - Starting epoch: 1
2022-04-26 23:39:19,508: INFO     Starting epoch: 1
INFO - 2022-04-26 23:39:19,509 - train_vae - First epoch
2022-04-26 23:39:19,509: INFO     First epoch
./results_full/vae/training/uniform/custom/all
True
INFO - 2022-04-26 23:59:27,537 - train_vae - P: [1/4000] Loss_ALL: 14544.7442 Loss_R: 7267.8424 Loss_E: 7276.9019 Time: 0:20:08.026852
2022-04-26 23:59:27,537: INFO     P: [1/4000] Loss_ALL: 14544.7442 Loss_R: 7267.8424 Loss_E: 7276.9019 Time: 0:20:08.026852
INFO - 2022-04-27 00:19:30,367 - train_vae - P: [2/4000] Loss_ALL: 68.9353 Loss_R: 28.5431 Loss_E: 40.3922 Time: 0:20:02.163867
2022-04-27 00:19:30,367: INFO     P: [2/4000] Loss_ALL: 68.9353 Loss_R: 28.5431 Loss_E: 40.3922 Time: 0:20:02.163867
INFO - 2022-04-27 00:39:24,478 - train_vae - P: [3/4000] Loss_ALL: 44.4413 Loss_R: 19.9027 Loss_E: 24.5386 Time: 0:19:53.608224
2022-04-27 00:39:24,478: INFO     P: [3/4000] Loss_ALL: 44.4413 Loss_R: 19.9027 Loss_E: 24.5386 Time: 0:19:53.608224
INFO - 2022-04-27 00:59:17,613 - train_vae - P: [4/4000] Loss_ALL: 33.2992 Loss_R: 15.6844 Loss_E: 17.6147 Time: 0:19:52.619746
2022-04-27 00:59:17,613: INFO     P: [4/4000] Loss_ALL: 33.2992 Loss_R: 15.6844 Loss_E: 17.6147 Time: 0:19:52.619746
INFO - 2022-04-27 01:19:05,586 - train_vae - P: [5/4000] Loss_ALL: 28.4136 Loss_R: 14.1743 Loss_E: 14.2393 Time: 0:19:47.455389
2022-04-27 01:19:05,586: INFO     P: [5/4000] Loss_ALL: 28.4136 Loss_R: 14.1743 Loss_E: 14.2393 Time: 0:19:47.455389
INFO - 2022-04-27 01:38:42,414 - train_vae - P: [6/4000] Loss_ALL: 24.3945 Loss_R: 13.1240 Loss_E: 11.2705 Time: 0:19:36.320230
2022-04-27 01:38:42,414: INFO     P: [6/4000] Loss_ALL: 24.3945 Loss_R: 13.1240 Loss_E: 11.2705 Time: 0:19:36.320230
INFO - 2022-04-27 01:58:53,513 - train_vae - P: [7/4000] Loss_ALL: 19.2210 Loss_R: 11.2320 Loss_E: 7.9889 Time: 0:20:10.615618
2022-04-27 01:58:53,513: INFO     P: [7/4000] Loss_ALL: 19.2210 Loss_R: 11.2320 Loss_E: 7.9889 Time: 0:20:10.615618
INFO - 2022-04-27 02:18:48,618 - train_vae - P: [8/4000] Loss_ALL: 17.3907 Loss_R: 10.8061 Loss_E: 6.5846 Time: 0:19:54.541570
2022-04-27 02:18:48,618: INFO     P: [8/4000] Loss_ALL: 17.3907 Loss_R: 10.8061 Loss_E: 6.5846 Time: 0:19:54.541570
INFO - 2022-04-27 02:38:54,636 - train_vae - P: [9/4000] Loss_ALL: 14.1506 Loss_R: 9.4770 Loss_E: 4.6736 Time: 0:20:05.532016
2022-04-27 02:38:54,636: INFO     P: [9/4000] Loss_ALL: 14.1506 Loss_R: 9.4770 Loss_E: 4.6736 Time: 0:20:05.532016
INFO - 2022-04-27 02:59:04,752 - train_vae - P: [10/4000] Loss_ALL: 12.5023 Loss_R: 8.7718 Loss_E: 3.7305 Time: 0:20:09.495478
2022-04-27 02:59:04,752: INFO     P: [10/4000] Loss_ALL: 12.5023 Loss_R: 8.7718 Loss_E: 3.7305 Time: 0:20:09.495478
INFO - 2022-04-27 03:19:13,073 - train_vae - P: [11/4000] Loss_ALL: 11.0077 Loss_R: 8.0662 Loss_E: 2.9415 Time: 0:20:07.818612
2022-04-27 03:19:13,073: INFO     P: [11/4000] Loss_ALL: 11.0077 Loss_R: 8.0662 Loss_E: 2.9415 Time: 0:20:07.818612
INFO - 2022-04-27 03:39:20,036 - train_vae - P: [12/4000] Loss_ALL: 9.7821 Loss_R: 7.3892 Loss_E: 2.3930 Time: 0:20:06.448685
2022-04-27 03:39:20,036: INFO     P: [12/4000] Loss_ALL: 9.7821 Loss_R: 7.3892 Loss_E: 2.3930 Time: 0:20:06.448685
INFO - 2022-04-27 03:59:25,016 - train_vae - P: [13/4000] Loss_ALL: 8.9412 Loss_R: 6.9226 Loss_E: 2.0185 Time: 0:20:04.498662
2022-04-27 03:59:25,016: INFO     P: [13/4000] Loss_ALL: 8.9412 Loss_R: 6.9226 Loss_E: 2.0185 Time: 0:20:04.498662
INFO - 2022-04-27 04:19:32,060 - train_vae - P: [14/4000] Loss_ALL: 8.2710 Loss_R: 6.5027 Loss_E: 1.7684 Time: 0:20:06.534785
2022-04-27 04:19:32,060: INFO     P: [14/4000] Loss_ALL: 8.2710 Loss_R: 6.5027 Loss_E: 1.7684 Time: 0:20:06.534785
INFO - 2022-04-27 04:39:44,800 - train_vae - P: [15/4000] Loss_ALL: 7.4960 Loss_R: 5.9698 Loss_E: 1.5263 Time: 0:20:12.270985
2022-04-27 04:39:44,800: INFO     P: [15/4000] Loss_ALL: 7.4960 Loss_R: 5.9698 Loss_E: 1.5263 Time: 0:20:12.270985
INFO - 2022-04-27 04:59:48,786 - train_vae - P: [16/4000] Loss_ALL: 6.9455 Loss_R: 5.5871 Loss_E: 1.3584 Time: 0:20:03.468901
2022-04-27 04:59:48,786: INFO     P: [16/4000] Loss_ALL: 6.9455 Loss_R: 5.5871 Loss_E: 1.3584 Time: 0:20:03.468901
INFO - 2022-04-27 05:19:43,069 - train_vae - P: [17/4000] Loss_ALL: 6.5000 Loss_R: 5.2758 Loss_E: 1.2242 Time: 0:19:53.784765
2022-04-27 05:19:43,069: INFO     P: [17/4000] Loss_ALL: 6.5000 Loss_R: 5.2758 Loss_E: 1.2242 Time: 0:19:53.784765
INFO - 2022-04-27 05:39:47,141 - train_vae - P: [18/4000] Loss_ALL: 5.9356 Loss_R: 4.8468 Loss_E: 1.0888 Time: 0:20:03.557585
2022-04-27 05:39:47,141: INFO     P: [18/4000] Loss_ALL: 5.9356 Loss_R: 4.8468 Loss_E: 1.0888 Time: 0:20:03.557585
INFO - 2022-04-27 05:59:54,025 - train_vae - P: [19/4000] Loss_ALL: 5.5957 Loss_R: 4.6166 Loss_E: 0.9791 Time: 0:20:06.374090
2022-04-27 05:59:54,025: INFO     P: [19/4000] Loss_ALL: 5.5957 Loss_R: 4.6166 Loss_E: 0.9791 Time: 0:20:06.374090
INFO - 2022-04-27 06:19:47,794 - train_vae - P: [20/4000] Loss_ALL: 5.3257 Loss_R: 4.4128 Loss_E: 0.9129 Time: 0:19:53.267395
2022-04-27 06:19:47,794: INFO     P: [20/4000] Loss_ALL: 5.3257 Loss_R: 4.4128 Loss_E: 0.9129 Time: 0:19:53.267395
INFO - 2022-04-27 06:39:54,210 - train_vae - P: [21/4000] Loss_ALL: 5.2102 Loss_R: 4.3269 Loss_E: 0.8833 Time: 0:20:05.908589
2022-04-27 06:39:54,210: INFO     P: [21/4000] Loss_ALL: 5.2102 Loss_R: 4.3269 Loss_E: 0.8833 Time: 0:20:05.908589
INFO - 2022-04-27 07:00:00,694 - train_vae - P: [22/4000] Loss_ALL: 5.0391 Loss_R: 4.2089 Loss_E: 0.8302 Time: 0:20:06.006690
2022-04-27 07:00:00,694: INFO     P: [22/4000] Loss_ALL: 5.0391 Loss_R: 4.2089 Loss_E: 0.8302 Time: 0:20:06.006690
INFO - 2022-04-27 07:19:57,361 - train_vae - P: [23/4000] Loss_ALL: 4.8505 Loss_R: 4.0491 Loss_E: 0.8014 Time: 0:19:56.097558
2022-04-27 07:19:57,361: INFO     P: [23/4000] Loss_ALL: 4.8505 Loss_R: 4.0491 Loss_E: 0.8014 Time: 0:19:56.097558
INFO - 2022-04-27 07:39:16,461 - train_vae - P: [24/4000] Loss_ALL: 4.5953 Loss_R: 3.8477 Loss_E: 0.7476 Time: 0:19:18.593506
2022-04-27 07:39:16,461: INFO     P: [24/4000] Loss_ALL: 4.5953 Loss_R: 3.8477 Loss_E: 0.7476 Time: 0:19:18.593506
INFO - 2022-04-27 07:58:43,581 - train_vae - P: [25/4000] Loss_ALL: 4.4168 Loss_R: 3.7127 Loss_E: 0.7042 Time: 0:19:26.636784
2022-04-27 07:58:43,581: INFO     P: [25/4000] Loss_ALL: 4.4168 Loss_R: 3.7127 Loss_E: 0.7042 Time: 0:19:26.636784
INFO - 2022-04-27 08:18:46,715 - train_vae - P: [26/4000] Loss_ALL: 4.3574 Loss_R: 3.6630 Loss_E: 0.6944 Time: 0:20:02.668975
2022-04-27 08:18:46,715: INFO     P: [26/4000] Loss_ALL: 4.3574 Loss_R: 3.6630 Loss_E: 0.6944 Time: 0:20:02.668975
INFO - 2022-04-27 08:38:29,716 - train_vae - P: [27/4000] Loss_ALL: 4.1742 Loss_R: 3.5189 Loss_E: 0.6552 Time: 0:19:42.495701
2022-04-27 08:38:29,716: INFO     P: [27/4000] Loss_ALL: 4.1742 Loss_R: 3.5189 Loss_E: 0.6552 Time: 0:19:42.495701
INFO - 2022-04-27 08:58:11,433 - train_vae - P: [28/4000] Loss_ALL: 4.0929 Loss_R: 3.4549 Loss_E: 0.6380 Time: 0:19:41.222207
2022-04-27 08:58:11,433: INFO     P: [28/4000] Loss_ALL: 4.0929 Loss_R: 3.4549 Loss_E: 0.6380 Time: 0:19:41.222207
INFO - 2022-04-27 09:17:53,411 - train_vae - P: [29/4000] Loss_ALL: 4.0519 Loss_R: 3.4219 Loss_E: 0.6300 Time: 0:19:41.467567
2022-04-27 09:17:53,411: INFO     P: [29/4000] Loss_ALL: 4.0519 Loss_R: 3.4219 Loss_E: 0.6300 Time: 0:19:41.467567
INFO - 2022-04-27 09:37:56,993 - train_vae - P: [30/4000] Loss_ALL: 3.8882 Loss_R: 3.2937 Loss_E: 0.5945 Time: 0:20:03.078766
2022-04-27 09:37:56,993: INFO     P: [30/4000] Loss_ALL: 3.8882 Loss_R: 3.2937 Loss_E: 0.5945 Time: 0:20:03.078766
INFO - 2022-04-27 09:57:59,314 - train_vae - P: [31/4000] Loss_ALL: 3.8465 Loss_R: 3.2596 Loss_E: 0.5869 Time: 0:20:01.838363
2022-04-27 09:57:59,314: INFO     P: [31/4000] Loss_ALL: 3.8465 Loss_R: 3.2596 Loss_E: 0.5869 Time: 0:20:01.838363
INFO - 2022-04-27 10:18:06,890 - train_vae - P: [32/4000] Loss_ALL: 3.7419 Loss_R: 3.1690 Loss_E: 0.5729 Time: 0:20:07.068675
2022-04-27 10:18:06,890: INFO     P: [32/4000] Loss_ALL: 3.7419 Loss_R: 3.1690 Loss_E: 0.5729 Time: 0:20:07.068675
INFO - 2022-04-27 10:38:12,329 - train_vae - P: [33/4000] Loss_ALL: 3.6498 Loss_R: 3.1061 Loss_E: 0.5438 Time: 0:20:04.969676
2022-04-27 10:38:12,329: INFO     P: [33/4000] Loss_ALL: 3.6498 Loss_R: 3.1061 Loss_E: 0.5438 Time: 0:20:04.969676
INFO - 2022-04-27 10:58:28,620 - train_vae - P: [34/4000] Loss_ALL: 3.5509 Loss_R: 3.0234 Loss_E: 0.5275 Time: 0:20:15.827200
2022-04-27 10:58:28,620: INFO     P: [34/4000] Loss_ALL: 3.5509 Loss_R: 3.0234 Loss_E: 0.5275 Time: 0:20:15.827200
INFO - 2022-04-27 11:18:34,861 - train_vae - P: [35/4000] Loss_ALL: 3.5001 Loss_R: 2.9841 Loss_E: 0.5160 Time: 0:20:05.724758
2022-04-27 11:18:34,861: INFO     P: [35/4000] Loss_ALL: 3.5001 Loss_R: 2.9841 Loss_E: 0.5160 Time: 0:20:05.724758
INFO - 2022-04-27 11:38:31,438 - train_vae - P: [36/4000] Loss_ALL: 3.3389 Loss_R: 2.8556 Loss_E: 0.4833 Time: 0:19:56.071496
2022-04-27 11:38:31,438: INFO     P: [36/4000] Loss_ALL: 3.3389 Loss_R: 2.8556 Loss_E: 0.4833 Time: 0:19:56.071496
INFO - 2022-04-27 11:58:36,883 - train_vae - P: [37/4000] Loss_ALL: 3.3448 Loss_R: 2.8645 Loss_E: 0.4803 Time: 0:20:04.968532
2022-04-27 11:58:36,883: INFO     P: [37/4000] Loss_ALL: 3.3448 Loss_R: 2.8645 Loss_E: 0.4803 Time: 0:20:04.968532
INFO - 2022-04-27 12:18:37,627 - train_vae - P: [38/4000] Loss_ALL: 3.2401 Loss_R: 2.7749 Loss_E: 0.4652 Time: 0:20:00.160048
2022-04-27 12:18:37,627: INFO     P: [38/4000] Loss_ALL: 3.2401 Loss_R: 2.7749 Loss_E: 0.4652 Time: 0:20:00.160048
INFO - 2022-04-27 12:38:30,752 - train_vae - P: [39/4000] Loss_ALL: 3.2095 Loss_R: 2.7531 Loss_E: 0.4564 Time: 0:19:52.655417
2022-04-27 12:38:30,752: INFO     P: [39/4000] Loss_ALL: 3.2095 Loss_R: 2.7531 Loss_E: 0.4564 Time: 0:19:52.655417
INFO - 2022-04-27 12:58:26,315 - train_vae - P: [40/4000] Loss_ALL: 3.1766 Loss_R: 2.7270 Loss_E: 0.4496 Time: 0:19:55.054761
2022-04-27 12:58:26,315: INFO     P: [40/4000] Loss_ALL: 3.1766 Loss_R: 2.7270 Loss_E: 0.4496 Time: 0:19:55.054761
INFO - 2022-04-27 13:18:16,250 - train_vae - P: [41/4000] Loss_ALL: 3.0947 Loss_R: 2.6604 Loss_E: 0.4343 Time: 0:19:49.417784
2022-04-27 13:18:16,250: INFO     P: [41/4000] Loss_ALL: 3.0947 Loss_R: 2.6604 Loss_E: 0.4343 Time: 0:19:49.417784
INFO - 2022-04-27 13:37:52,606 - train_vae - P: [42/4000] Loss_ALL: 3.0574 Loss_R: 2.6294 Loss_E: 0.4280 Time: 0:19:35.842974
2022-04-27 13:37:52,606: INFO     P: [42/4000] Loss_ALL: 3.0574 Loss_R: 2.6294 Loss_E: 0.4280 Time: 0:19:35.842974
INFO - 2022-04-27 13:57:35,691 - train_vae - P: [43/4000] Loss_ALL: 2.9778 Loss_R: 2.5722 Loss_E: 0.4056 Time: 0:19:42.526611
2022-04-27 13:57:35,691: INFO     P: [43/4000] Loss_ALL: 2.9778 Loss_R: 2.5722 Loss_E: 0.4056 Time: 0:19:42.526611
INFO - 2022-04-27 14:17:44,742 - train_vae - P: [44/4000] Loss_ALL: 2.9717 Loss_R: 2.5615 Loss_E: 0.4102 Time: 0:20:08.572361
2022-04-27 14:17:44,742: INFO     P: [44/4000] Loss_ALL: 2.9717 Loss_R: 2.5615 Loss_E: 0.4102 Time: 0:20:08.572361
INFO - 2022-04-27 14:38:02,407 - train_vae - P: [45/4000] Loss_ALL: 2.8981 Loss_R: 2.5024 Loss_E: 0.3957 Time: 0:20:17.175338
2022-04-27 14:38:02,407: INFO     P: [45/4000] Loss_ALL: 2.8981 Loss_R: 2.5024 Loss_E: 0.3957 Time: 0:20:17.175338
INFO - 2022-04-27 14:58:13,855 - train_vae - P: [46/4000] Loss_ALL: 2.8393 Loss_R: 2.4560 Loss_E: 0.3833 Time: 0:20:10.969611
2022-04-27 14:58:13,855: INFO     P: [46/4000] Loss_ALL: 2.8393 Loss_R: 2.4560 Loss_E: 0.3833 Time: 0:20:10.969611
INFO - 2022-04-27 15:18:09,485 - train_vae - P: [47/4000] Loss_ALL: 2.8003 Loss_R: 2.4250 Loss_E: 0.3753 Time: 0:19:55.155696
2022-04-27 15:18:09,485: INFO     P: [47/4000] Loss_ALL: 2.8003 Loss_R: 2.4250 Loss_E: 0.3753 Time: 0:19:55.155696
INFO - 2022-04-27 15:38:10,861 - train_vae - P: [48/4000] Loss_ALL: 2.7824 Loss_R: 2.4122 Loss_E: 0.3702 Time: 0:20:00.906162
2022-04-27 15:38:10,861: INFO     P: [48/4000] Loss_ALL: 2.7824 Loss_R: 2.4122 Loss_E: 0.3702 Time: 0:20:00.906162
INFO - 2022-04-27 15:58:02,773 - train_vae - P: [49/4000] Loss_ALL: 2.7445 Loss_R: 2.3800 Loss_E: 0.3644 Time: 0:19:51.444305
2022-04-27 15:58:02,773: INFO     P: [49/4000] Loss_ALL: 2.7445 Loss_R: 2.3800 Loss_E: 0.3644 Time: 0:19:51.444305
INFO - 2022-04-27 16:18:13,420 - train_vae - P: [50/4000] Loss_ALL: 2.7006 Loss_R: 2.3467 Loss_E: 0.3539 Time: 0:20:10.166677
2022-04-27 16:18:13,420: INFO     P: [50/4000] Loss_ALL: 2.7006 Loss_R: 2.3467 Loss_E: 0.3539 Time: 0:20:10.166677
INFO - 2022-04-27 16:38:17,642 - train_vae - P: [51/4000] Loss_ALL: 2.6775 Loss_R: 2.3277 Loss_E: 0.3498 Time: 0:20:03.745978
2022-04-27 16:38:17,642: INFO     P: [51/4000] Loss_ALL: 2.6775 Loss_R: 2.3277 Loss_E: 0.3498 Time: 0:20:03.745978
INFO - 2022-04-27 16:58:18,509 - train_vae - P: [52/4000] Loss_ALL: 2.6037 Loss_R: 2.2647 Loss_E: 0.3390 Time: 0:20:00.399558
2022-04-27 16:58:18,509: INFO     P: [52/4000] Loss_ALL: 2.6037 Loss_R: 2.2647 Loss_E: 0.3390 Time: 0:20:00.399558
INFO - 2022-04-27 17:17:35,764 - train_vae - P: [53/4000] Loss_ALL: 2.6125 Loss_R: 2.2754 Loss_E: 0.3372 Time: 0:19:16.622094
2022-04-27 17:17:35,764: INFO     P: [53/4000] Loss_ALL: 2.6125 Loss_R: 2.2754 Loss_E: 0.3372 Time: 0:19:16.622094
INFO - 2022-04-27 17:37:38,679 - train_vae - P: [54/4000] Loss_ALL: 2.5922 Loss_R: 2.2567 Loss_E: 0.3355 Time: 0:20:02.436924
2022-04-27 17:37:38,679: INFO     P: [54/4000] Loss_ALL: 2.5922 Loss_R: 2.2567 Loss_E: 0.3355 Time: 0:20:02.436924
INFO - 2022-04-27 17:57:27,373 - train_vae - P: [55/4000] Loss_ALL: 2.5272 Loss_R: 2.2068 Loss_E: 0.3205 Time: 0:19:48.226787
2022-04-27 17:57:27,373: INFO     P: [55/4000] Loss_ALL: 2.5272 Loss_R: 2.2068 Loss_E: 0.3205 Time: 0:19:48.226787
INFO - 2022-04-27 18:17:25,311 - train_vae - P: [56/4000] Loss_ALL: 2.5013 Loss_R: 2.1842 Loss_E: 0.3172 Time: 0:19:57.473556
2022-04-27 18:17:25,311: INFO     P: [56/4000] Loss_ALL: 2.5013 Loss_R: 2.1842 Loss_E: 0.3172 Time: 0:19:57.473556
INFO - 2022-04-27 18:37:13,942 - train_vae - P: [57/4000] Loss_ALL: 2.4984 Loss_R: 2.1808 Loss_E: 0.3176 Time: 0:19:48.160739
2022-04-27 18:37:13,942: INFO     P: [57/4000] Loss_ALL: 2.4984 Loss_R: 2.1808 Loss_E: 0.3176 Time: 0:19:48.160739
INFO - 2022-04-27 18:56:53,845 - train_vae - P: [58/4000] Loss_ALL: 2.4831 Loss_R: 2.1732 Loss_E: 0.3098 Time: 0:19:39.431723
2022-04-27 18:56:53,845: INFO     P: [58/4000] Loss_ALL: 2.4831 Loss_R: 2.1732 Loss_E: 0.3098 Time: 0:19:39.431723
INFO - 2022-04-27 19:17:08,056 - train_vae - P: [59/4000] Loss_ALL: 2.4272 Loss_R: 2.1243 Loss_E: 0.3029 Time: 0:20:13.739547
2022-04-27 19:17:08,056: INFO     P: [59/4000] Loss_ALL: 2.4272 Loss_R: 2.1243 Loss_E: 0.3029 Time: 0:20:13.739547
INFO - 2022-04-27 19:36:57,527 - train_vae - P: [60/4000] Loss_ALL: 2.3881 Loss_R: 2.0920 Loss_E: 0.2961 Time: 0:19:48.984540
2022-04-27 19:36:57,527: INFO     P: [60/4000] Loss_ALL: 2.3881 Loss_R: 2.0920 Loss_E: 0.2961 Time: 0:19:48.984540
INFO - 2022-04-27 19:57:00,663 - train_vae - P: [61/4000] Loss_ALL: 2.3792 Loss_R: 2.0938 Loss_E: 0.2854 Time: 0:20:02.645695
2022-04-27 19:57:00,663: INFO     P: [61/4000] Loss_ALL: 2.3792 Loss_R: 2.0938 Loss_E: 0.2854 Time: 0:20:02.645695
INFO - 2022-04-27 20:16:39,832 - train_vae - P: [62/4000] Loss_ALL: 2.3308 Loss_R: 2.0487 Loss_E: 0.2822 Time: 0:19:38.666293
2022-04-27 20:16:39,832: INFO     P: [62/4000] Loss_ALL: 2.3308 Loss_R: 2.0487 Loss_E: 0.2822 Time: 0:19:38.666293
INFO - 2022-04-27 20:36:15,441 - train_vae - P: [63/4000] Loss_ALL: 2.3353 Loss_R: 2.0550 Loss_E: 0.2803 Time: 0:19:35.141080
2022-04-27 20:36:15,441: INFO     P: [63/4000] Loss_ALL: 2.3353 Loss_R: 2.0550 Loss_E: 0.2803 Time: 0:19:35.141080
INFO - 2022-04-27 20:55:32,042 - train_vae - P: [64/4000] Loss_ALL: 2.3221 Loss_R: 2.0438 Loss_E: 0.2784 Time: 0:19:16.129486
2022-04-27 20:55:32,042: INFO     P: [64/4000] Loss_ALL: 2.3221 Loss_R: 2.0438 Loss_E: 0.2784 Time: 0:19:16.129486
INFO - 2022-04-27 21:15:14,621 - train_vae - P: [65/4000] Loss_ALL: 2.2709 Loss_R: 2.0022 Loss_E: 0.2687 Time: 0:19:42.115744
2022-04-27 21:15:14,621: INFO     P: [65/4000] Loss_ALL: 2.2709 Loss_R: 2.0022 Loss_E: 0.2687 Time: 0:19:42.115744
INFO - 2022-04-27 21:35:10,860 - train_vae - P: [66/4000] Loss_ALL: 2.2530 Loss_R: 1.9878 Loss_E: 0.2651 Time: 0:19:55.760489
2022-04-27 21:35:10,860: INFO     P: [66/4000] Loss_ALL: 2.2530 Loss_R: 1.9878 Loss_E: 0.2651 Time: 0:19:55.760489
INFO - 2022-04-27 21:54:48,639 - train_vae - P: [67/4000] Loss_ALL: 2.2659 Loss_R: 1.9991 Loss_E: 0.2668 Time: 0:19:37.298582
2022-04-27 21:54:48,639: INFO     P: [67/4000] Loss_ALL: 2.2659 Loss_R: 1.9991 Loss_E: 0.2668 Time: 0:19:37.298582
INFO - 2022-04-27 22:14:28,515 - train_vae - P: [68/4000] Loss_ALL: 2.2376 Loss_R: 1.9721 Loss_E: 0.2655 Time: 0:19:39.173197
2022-04-27 22:14:28,515: INFO     P: [68/4000] Loss_ALL: 2.2376 Loss_R: 1.9721 Loss_E: 0.2655 Time: 0:19:39.173197
INFO - 2022-04-27 22:33:40,058 - train_vae - P: [69/4000] Loss_ALL: 2.2145 Loss_R: 1.9569 Loss_E: 0.2576 Time: 0:19:11.051582
2022-04-27 22:33:40,058: INFO     P: [69/4000] Loss_ALL: 2.2145 Loss_R: 1.9569 Loss_E: 0.2576 Time: 0:19:11.051582
INFO - 2022-04-27 22:52:57,120 - train_vae - P: [70/4000] Loss_ALL: 2.1708 Loss_R: 1.9187 Loss_E: 0.2521 Time: 0:19:16.576612
2022-04-27 22:52:57,120: INFO     P: [70/4000] Loss_ALL: 2.1708 Loss_R: 1.9187 Loss_E: 0.2521 Time: 0:19:16.576612
INFO - 2022-04-27 23:12:26,147 - train_vae - P: [71/4000] Loss_ALL: 2.1550 Loss_R: 1.9088 Loss_E: 0.2462 Time: 0:19:28.552452
2022-04-27 23:12:26,147: INFO     P: [71/4000] Loss_ALL: 2.1550 Loss_R: 1.9088 Loss_E: 0.2462 Time: 0:19:28.552452
INFO - 2022-04-27 23:32:23,909 - train_vae - P: [72/4000] Loss_ALL: 2.1390 Loss_R: 1.8942 Loss_E: 0.2447 Time: 0:19:57.293504
2022-04-27 23:32:23,909: INFO     P: [72/4000] Loss_ALL: 2.1390 Loss_R: 1.8942 Loss_E: 0.2447 Time: 0:19:57.293504
INFO - 2022-04-27 23:51:11,947 - train_vae - P: [73/4000] Loss_ALL: 2.1211 Loss_R: 1.8821 Loss_E: 0.2390 Time: 0:18:47.538739
2022-04-27 23:51:11,947: INFO     P: [73/4000] Loss_ALL: 2.1211 Loss_R: 1.8821 Loss_E: 0.2390 Time: 0:18:47.538739
INFO - 2022-04-28 00:10:39,172 - train_vae - P: [74/4000] Loss_ALL: 2.1221 Loss_R: 1.8815 Loss_E: 0.2406 Time: 0:19:26.748694
2022-04-28 00:10:39,172: INFO     P: [74/4000] Loss_ALL: 2.1221 Loss_R: 1.8815 Loss_E: 0.2406 Time: 0:19:26.748694
INFO - 2022-04-28 00:30:11,450 - train_vae - P: [75/4000] Loss_ALL: 2.1127 Loss_R: 1.8752 Loss_E: 0.2375 Time: 0:19:31.811766
2022-04-28 00:30:11,450: INFO     P: [75/4000] Loss_ALL: 2.1127 Loss_R: 1.8752 Loss_E: 0.2375 Time: 0:19:31.811766
INFO - 2022-04-28 00:49:31,713 - train_vae - P: [76/4000] Loss_ALL: 2.0836 Loss_R: 1.8504 Loss_E: 0.2332 Time: 0:19:19.785573
2022-04-28 00:49:31,713: INFO     P: [76/4000] Loss_ALL: 2.0836 Loss_R: 1.8504 Loss_E: 0.2332 Time: 0:19:19.785573
INFO - 2022-04-28 01:09:30,702 - train_vae - P: [77/4000] Loss_ALL: 2.0617 Loss_R: 1.8311 Loss_E: 0.2306 Time: 0:19:58.510414
2022-04-28 01:09:30,702: INFO     P: [77/4000] Loss_ALL: 2.0617 Loss_R: 1.8311 Loss_E: 0.2306 Time: 0:19:58.510414
INFO - 2022-04-28 01:29:17,647 - train_vae - P: [78/4000] Loss_ALL: 2.0561 Loss_R: 1.8288 Loss_E: 0.2273 Time: 0:19:46.464130
2022-04-28 01:29:17,647: INFO     P: [78/4000] Loss_ALL: 2.0561 Loss_R: 1.8288 Loss_E: 0.2273 Time: 0:19:46.464130
INFO - 2022-04-28 01:49:30,405 - train_vae - P: [79/4000] Loss_ALL: 2.0498 Loss_R: 1.8233 Loss_E: 0.2265 Time: 0:20:12.279923
2022-04-28 01:49:30,405: INFO     P: [79/4000] Loss_ALL: 2.0498 Loss_R: 1.8233 Loss_E: 0.2265 Time: 0:20:12.279923
INFO - 2022-04-28 02:09:35,904 - train_vae - P: [80/4000] Loss_ALL: 1.9973 Loss_R: 1.7779 Loss_E: 0.2194 Time: 0:20:05.033299
2022-04-28 02:09:35,904: INFO     P: [80/4000] Loss_ALL: 1.9973 Loss_R: 1.7779 Loss_E: 0.2194 Time: 0:20:05.033299
INFO - 2022-04-28 02:29:18,195 - train_vae - P: [81/4000] Loss_ALL: 2.0068 Loss_R: 1.7890 Loss_E: 0.2178 Time: 0:19:41.808562
2022-04-28 02:29:18,195: INFO     P: [81/4000] Loss_ALL: 2.0068 Loss_R: 1.7890 Loss_E: 0.2178 Time: 0:19:41.808562
INFO - 2022-04-28 02:49:22,263 - train_vae - P: [82/4000] Loss_ALL: 2.0063 Loss_R: 1.7852 Loss_E: 0.2211 Time: 0:20:03.591023
2022-04-28 02:49:22,263: INFO     P: [82/4000] Loss_ALL: 2.0063 Loss_R: 1.7852 Loss_E: 0.2211 Time: 0:20:03.591023
INFO - 2022-04-28 03:09:24,877 - train_vae - P: [83/4000] Loss_ALL: 2.0158 Loss_R: 1.7965 Loss_E: 0.2193 Time: 0:20:01.913024
2022-04-28 03:09:24,877: INFO     P: [83/4000] Loss_ALL: 2.0158 Loss_R: 1.7965 Loss_E: 0.2193 Time: 0:20:01.913024
INFO - 2022-04-28 03:29:39,595 - train_vae - P: [84/4000] Loss_ALL: 1.9981 Loss_R: 1.7807 Loss_E: 0.2174 Time: 0:20:14.253047
2022-04-28 03:29:39,595: INFO     P: [84/4000] Loss_ALL: 1.9981 Loss_R: 1.7807 Loss_E: 0.2174 Time: 0:20:14.253047
INFO - 2022-04-28 03:49:53,523 - train_vae - P: [85/4000] Loss_ALL: 1.9649 Loss_R: 1.7535 Loss_E: 0.2114 Time: 0:20:13.462564
2022-04-28 03:49:53,523: INFO     P: [85/4000] Loss_ALL: 1.9649 Loss_R: 1.7535 Loss_E: 0.2114 Time: 0:20:13.462564
INFO - 2022-04-28 04:09:58,598 - train_vae - P: [86/4000] Loss_ALL: 1.9465 Loss_R: 1.7391 Loss_E: 0.2074 Time: 0:20:04.612045
2022-04-28 04:09:58,598: INFO     P: [86/4000] Loss_ALL: 1.9465 Loss_R: 1.7391 Loss_E: 0.2074 Time: 0:20:04.612045
INFO - 2022-04-28 04:29:56,130 - train_vae - P: [87/4000] Loss_ALL: 1.9235 Loss_R: 1.7187 Loss_E: 0.2048 Time: 0:19:57.056881
2022-04-28 04:29:56,130: INFO     P: [87/4000] Loss_ALL: 1.9235 Loss_R: 1.7187 Loss_E: 0.2048 Time: 0:19:57.056881
INFO - 2022-04-28 04:50:08,722 - train_vae - P: [88/4000] Loss_ALL: 1.9221 Loss_R: 1.7192 Loss_E: 0.2030 Time: 0:20:12.116717
2022-04-28 04:50:08,722: INFO     P: [88/4000] Loss_ALL: 1.9221 Loss_R: 1.7192 Loss_E: 0.2030 Time: 0:20:12.116717
INFO - 2022-04-28 05:10:14,765 - train_vae - P: [89/4000] Loss_ALL: 1.8933 Loss_R: 1.6936 Loss_E: 0.1997 Time: 0:20:05.560711
2022-04-28 05:10:14,765: INFO     P: [89/4000] Loss_ALL: 1.8933 Loss_R: 1.6936 Loss_E: 0.1997 Time: 0:20:05.560711
INFO - 2022-04-28 05:30:19,179 - train_vae - P: [90/4000] Loss_ALL: 1.8933 Loss_R: 1.6935 Loss_E: 0.1998 Time: 0:20:03.951036
2022-04-28 05:30:19,179: INFO     P: [90/4000] Loss_ALL: 1.8933 Loss_R: 1.6935 Loss_E: 0.1998 Time: 0:20:03.951036
INFO - 2022-04-28 05:50:19,822 - train_vae - P: [91/4000] Loss_ALL: 1.8625 Loss_R: 1.6690 Loss_E: 0.1934 Time: 0:20:00.151332
2022-04-28 05:50:19,822: INFO     P: [91/4000] Loss_ALL: 1.8625 Loss_R: 1.6690 Loss_E: 0.1934 Time: 0:20:00.151332
INFO - 2022-04-28 06:10:37,945 - train_vae - P: [92/4000] Loss_ALL: 1.9001 Loss_R: 1.7048 Loss_E: 0.1953 Time: 0:20:17.656033
2022-04-28 06:10:37,945: INFO     P: [92/4000] Loss_ALL: 1.9001 Loss_R: 1.7048 Loss_E: 0.1953 Time: 0:20:17.656033
INFO - 2022-04-28 06:30:34,585 - train_vae - P: [93/4000] Loss_ALL: 1.8883 Loss_R: 1.6919 Loss_E: 0.1964 Time: 0:19:56.174824
2022-04-28 06:30:34,585: INFO     P: [93/4000] Loss_ALL: 1.8883 Loss_R: 1.6919 Loss_E: 0.1964 Time: 0:19:56.174824
INFO - 2022-04-28 06:50:42,361 - train_vae - P: [94/4000] Loss_ALL: 1.8694 Loss_R: 1.6759 Loss_E: 0.1934 Time: 0:20:07.302183
2022-04-28 06:50:42,361: INFO     P: [94/4000] Loss_ALL: 1.8694 Loss_R: 1.6759 Loss_E: 0.1934 Time: 0:20:07.302183
INFO - 2022-04-28 07:10:57,970 - train_vae - P: [95/4000] Loss_ALL: 1.8567 Loss_R: 1.6616 Loss_E: 0.1951 Time: 0:20:15.145265
2022-04-28 07:10:57,970: INFO     P: [95/4000] Loss_ALL: 1.8567 Loss_R: 1.6616 Loss_E: 0.1951 Time: 0:20:15.145265
